# JRE version: Java(TM) SE Runtime Environment (22.0.1+8) (build 22.0.1+8-16)
# Java VM: Java HotSpot(TM) 64-Bit Server VM (22.0.1+8-16, mixed mode, sharing, tiered, compressed oops, compressed class ptrs, g1 gc, windows-amd64)
GC Precious Log:
 CardTable entry size: 512
 Card Set container configuration: InlinePtr #cards 4 size 8 Array Of Cards #cards 16 size 48 Howl #buckets 8 coarsen threshold 3686 Howl Bitmap #cards 512 size 80 coarsen threshold 460 Card regions per heap region 1 cards per card region 4096
 CPUs: 8 total, 8 available
 Memory: 16258M
 Large Page Support: Disabled
 NUMA Support: Disabled
 Compressed Oops: Enabled (Zero based)
 Heap Region Size: 2M
 Heap Min Capacity: 8M
 Heap Initial Capacity: 256M
 Heap Max Capacity: 4066M
 Pre-touch: Disabled
 Parallel Workers: 8
 Concurrent Workers: 2
 Concurrent Refinement Workers: 8
 Periodic GC: Disabled
Heap:
 garbage-first heap   total reserved 4163584K, committed 159744K, used 73064K [0x0000000701e00000, 0x0000000800000000)
  region size 2048K, 24 young (49152K), 4 survivors (8192K)
 Metaspace       used 79864K, committed 80704K, reserved 1179648K
  class space    used 10991K, committed 11392K, reserved 1048576K
GC Heap History (20 events):
Event: 5.204 GC heap before
{Heap before GC invocations=6 (full 0):
 garbage-first heap   total reserved 4163584K, committed 55296K, used 40378K [0x0000000701e00000, 0x0000000800000000)
  region size 2048K, 13 young (26624K), 1 survivors (2048K)
 Metaspace       used 31460K, committed 32064K, reserved 1114112K
  class space    used 4019K, committed 4288K, reserved 1048576K
}
Event: 5.212 GC heap after
{Heap after GC invocations=7 (full 0):
 garbage-first heap   total reserved 4163584K, committed 55296K, used 20267K [0x0000000701e00000, 0x0000000800000000)
  region size 2048K, 2 young (4096K), 2 survivors (4096K)
 Metaspace       used 31460K, committed 32064K, reserved 1114112K
  class space    used 4019K, committed 4288K, reserved 1048576K
}
Event: 6.012 GC heap before
{Heap before GC invocations=7 (full 0):
 garbage-first heap   total reserved 4163584K, committed 55296K, used 40747K [0x0000000701e00000, 0x0000000800000000)
  region size 2048K, 13 young (26624K), 2 survivors (4096K)
 Metaspace       used 35304K, committed 35904K, reserved 1114112K
  class space    used 4480K, committed 4736K, reserved 1048576K
}
Event: 6.018 GC heap after
{Heap after GC invocations=8 (full 0):
 garbage-first heap   total reserved 4163584K, committed 55296K, used 22347K [0x0000000701e00000, 0x0000000800000000)
  region size 2048K, 1 young (2048K), 1 survivors (2048K)
 Metaspace       used 35304K, committed 35904K, reserved 1114112K
  class space    used 4480K, committed 4736K, reserved 1048576K
}
Event: 6.054 GC heap before
{Heap before GC invocations=8 (full 0):
 garbage-first heap   total reserved 4163584K, committed 55296K, used 22347K [0x0000000701e00000, 0x0000000800000000)
  region size 2048K, 2 young (4096K), 1 survivors (2048K)
 Metaspace       used 35737K, committed 36288K, reserved 1114112K
  class space    used 4524K, committed 4800K, reserved 1048576K
}
Event: 6.057 GC heap after
{Heap after GC invocations=9 (full 0):
 garbage-first heap   total reserved 4163584K, committed 55296K, used 22486K [0x0000000701e00000, 0x0000000800000000)
  region size 2048K, 1 young (2048K), 1 survivors (2048K)
 Metaspace       used 35737K, committed 36288K, reserved 1114112K
  class space    used 4524K, committed 4800K, reserved 1048576K
}
Event: 7.353 GC heap before
{Heap before GC invocations=10 (full 0):
 garbage-first heap   total reserved 4163584K, committed 55296K, used 47062K [0x0000000701e00000, 0x0000000800000000)
  region size 2048K, 13 young (26624K), 1 survivors (2048K)
 Metaspace       used 44773K, committed 45376K, reserved 1114112K
  class space    used 5686K, committed 5952K, reserved 1048576K
}
Event: 7.357 GC heap after
{Heap after GC invocations=11 (full 0):
 garbage-first heap   total reserved 4163584K, committed 55296K, used 24748K [0x0000000701e00000, 0x0000000800000000)
  region size 2048K, 2 young (4096K), 2 survivors (4096K)
 Metaspace       used 44773K, committed 45376K, reserved 1114112K
  class space    used 5686K, committed 5952K, reserved 1048576K
}
Event: 8.382 GC heap before
{Heap before GC invocations=11 (full 0):
 garbage-first heap   total reserved 4163584K, committed 55296K, used 45228K [0x0000000701e00000, 0x0000000800000000)
  region size 2048K, 12 young (24576K), 2 survivors (4096K)
 Metaspace       used 49974K, committed 50624K, reserved 1114112K
  class space    used 6532K, committed 6784K, reserved 1048576K
}
Event: 8.387 GC heap after
{Heap after GC invocations=12 (full 0):
 garbage-first heap   total reserved 4163584K, committed 55296K, used 25123K [0x0000000701e00000, 0x0000000800000000)
  region size 2048K, 1 young (2048K), 1 survivors (2048K)
 Metaspace       used 49974K, committed 50624K, reserved 1114112K
  class space    used 6532K, committed 6784K, reserved 1048576K
}
Event: 9.184 GC heap before
{Heap before GC invocations=12 (full 0):
 garbage-first heap   total reserved 4163584K, committed 55296K, used 47651K [0x0000000701e00000, 0x0000000800000000)
  region size 2048K, 12 young (24576K), 1 survivors (2048K)
 Metaspace       used 55527K, committed 56192K, reserved 1114112K
  class space    used 7204K, committed 7488K, reserved 1048576K
}
Event: 9.188 GC heap after
{Heap after GC invocations=13 (full 0):
 garbage-first heap   total reserved 4163584K, committed 55296K, used 26404K [0x0000000701e00000, 0x0000000800000000)
  region size 2048K, 2 young (4096K), 2 survivors (4096K)
 Metaspace       used 55527K, committed 56192K, reserved 1114112K
  class space    used 7204K, committed 7488K, reserved 1048576K
}
Event: 9.671 GC heap before
{Heap before GC invocations=13 (full 0):
 garbage-first heap   total reserved 4163584K, committed 55296K, used 44836K [0x0000000701e00000, 0x0000000800000000)
  region size 2048K, 11 young (22528K), 2 survivors (4096K)
 Metaspace       used 60092K, committed 60736K, reserved 1114112K
  class space    used 8057K, committed 8320K, reserved 1048576K
}
Event: 9.675 GC heap after
{Heap after GC invocations=14 (full 0):
 garbage-first heap   total reserved 4163584K, committed 55296K, used 27155K [0x0000000701e00000, 0x0000000800000000)
  region size 2048K, 2 young (4096K), 2 survivors (4096K)
 Metaspace       used 60092K, committed 60736K, reserved 1114112K
  class space    used 8057K, committed 8320K, reserved 1048576K
}
Event: 9.822 GC heap before
{Heap before GC invocations=14 (full 0):
 garbage-first heap   total reserved 4163584K, committed 55296K, used 35347K [0x0000000701e00000, 0x0000000800000000)
  region size 2048K, 7 young (14336K), 2 survivors (4096K)
 Metaspace       used 60358K, committed 60928K, reserved 1114112K
  class space    used 8078K, committed 8320K, reserved 1048576K
}
Event: 9.825 GC heap after
{Heap after GC invocations=15 (full 0):
 garbage-first heap   total reserved 4163584K, committed 55296K, used 27294K [0x0000000701e00000, 0x0000000800000000)
  region size 2048K, 2 young (4096K), 2 survivors (4096K)
 Metaspace       used 60358K, committed 60928K, reserved 1114112K
  class space    used 8078K, committed 8320K, reserved 1048576K
}
Event: 10.312 GC heap before
{Heap before GC invocations=16 (full 0):
 garbage-first heap   total reserved 4163584K, committed 55296K, used 41630K [0x0000000701e00000, 0x0000000800000000)
  region size 2048K, 10 young (20480K), 2 survivors (4096K)
 Metaspace       used 63821K, committed 64512K, reserved 1114112K
  class space    used 8616K, committed 8896K, reserved 1048576K
}
Event: 10.317 GC heap after
{Heap after GC invocations=17 (full 0):
 garbage-first heap   total reserved 4163584K, committed 159744K, used 28813K [0x0000000701e00000, 0x0000000800000000)
  region size 2048K, 2 young (4096K), 2 survivors (4096K)
 Metaspace       used 63821K, committed 64512K, reserved 1114112K
  class space    used 8616K, committed 8896K, reserved 1048576K
}
Event: 12.434 GC heap before
{Heap before GC invocations=17 (full 0):
 garbage-first heap   total reserved 4163584K, committed 159744K, used 116877K [0x0000000701e00000, 0x0000000800000000)
  region size 2048K, 46 young (94208K), 2 survivors (4096K)
 Metaspace       used 73591K, committed 74368K, reserved 1114112K
  class space    used 10199K, committed 10560K, reserved 1048576K
}
Event: 12.444 GC heap after
{Heap after GC invocations=18 (full 0):
 garbage-first heap   total reserved 4163584K, committed 159744K, used 34152K [0x0000000701e00000, 0x0000000800000000)
  region size 2048K, 4 young (8192K), 4 survivors (8192K)
 Metaspace       used 73591K, committed 74368K, reserved 1114112K
  class space    used 10199K, committed 10560K, reserved 1048576K
}

